[0.845s] Invoking command in '/workspace/src/reconfros2': PYTHONPATH=/workspace/build/reconfros2/prefix_override:/workspace/install/reconfros2/lib/python3.10/site-packages:${PYTHONPATH} /usr/bin/python3 -W ignore:setup.py install is deprecated setup.py egg_info --egg-base ../../build/reconfros2 build --build-base /workspace/build/reconfros2/build install --record /workspace/build/reconfros2/install.log --single-version-externally-managed install_data
[1.120s] running egg_info
[1.121s] writing ../../build/reconfros2/reconfros2.egg-info/PKG-INFO
[1.121s] writing dependency_links to ../../build/reconfros2/reconfros2.egg-info/dependency_links.txt
[1.122s] writing entry points to ../../build/reconfros2/reconfros2.egg-info/entry_points.txt
[1.122s] writing requirements to ../../build/reconfros2/reconfros2.egg-info/requires.txt
[1.123s] writing top-level names to ../../build/reconfros2/reconfros2.egg-info/top_level.txt
[1.125s] reading manifest file '../../build/reconfros2/reconfros2.egg-info/SOURCES.txt'
[1.128s] writing manifest file '../../build/reconfros2/reconfros2.egg-info/SOURCES.txt'
[1.128s] running build
[1.128s] running build_py
[1.129s] copying reconfros2/nav_to_pose.py -> /workspace/build/reconfros2/build/lib/reconfros2
[1.129s] copying reconfros2/initial_pose.py -> /workspace/build/reconfros2/build/lib/reconfros2
[1.129s] copying reconfros2/__init__.py -> /workspace/build/reconfros2/build/lib/reconfros2
[1.130s] running install
[1.131s] running install_lib
[1.132s] copying /workspace/build/reconfros2/build/lib/reconfros2/nav_to_pose.py -> /workspace/install/reconfros2/lib/python3.10/site-packages/reconfros2
[1.133s] copying /workspace/build/reconfros2/build/lib/reconfros2/initial_pose.py -> /workspace/install/reconfros2/lib/python3.10/site-packages/reconfros2
[1.133s] copying /workspace/build/reconfros2/build/lib/reconfros2/__init__.py -> /workspace/install/reconfros2/lib/python3.10/site-packages/reconfros2
[1.135s] byte-compiling /workspace/install/reconfros2/lib/python3.10/site-packages/reconfros2/nav_to_pose.py to nav_to_pose.cpython-310.pyc
[1.138s] byte-compiling /workspace/install/reconfros2/lib/python3.10/site-packages/reconfros2/initial_pose.py to initial_pose.cpython-310.pyc
[1.140s] byte-compiling /workspace/install/reconfros2/lib/python3.10/site-packages/reconfros2/__init__.py to __init__.cpython-310.pyc
[1.140s] running install_data
[1.141s] running install_egg_info
[1.144s] removing '/workspace/install/reconfros2/lib/python3.10/site-packages/reconfros2-0.0.0-py3.10.egg-info' (and everything under it)
[1.144s] Copying ../../build/reconfros2/reconfros2.egg-info to /workspace/install/reconfros2/lib/python3.10/site-packages/reconfros2-0.0.0-py3.10.egg-info
[1.146s] running install_scripts
[1.177s] Installing add_obstacle script to /workspace/install/reconfros2/lib/reconfros2
[1.178s] Installing initial_pose script to /workspace/install/reconfros2/lib/reconfros2
[1.178s] Installing multi_navigation_goals script to /workspace/install/reconfros2/lib/reconfros2
[1.178s] Installing nav_to_pose script to /workspace/install/reconfros2/lib/reconfros2
[1.178s] Installing nav_to_pose_action script to /workspace/install/reconfros2/lib/reconfros2
[1.178s] Installing reset_world script to /workspace/install/reconfros2/lib/reconfros2
[1.178s] Installing respawn_world script to /workspace/install/reconfros2/lib/reconfros2
[1.178s] Installing single_navigation_goal script to /workspace/install/reconfros2/lib/reconfros2
[1.178s] Installing spawn_robot script to /workspace/install/reconfros2/lib/reconfros2
[1.179s] writing list of installed files to '/workspace/build/reconfros2/install.log'
[1.212s] Invoked command in '/workspace/src/reconfros2' returned '0': PYTHONPATH=/workspace/build/reconfros2/prefix_override:/workspace/install/reconfros2/lib/python3.10/site-packages:${PYTHONPATH} /usr/bin/python3 -W ignore:setup.py install is deprecated setup.py egg_info --egg-base ../../build/reconfros2 build --build-base /workspace/build/reconfros2/build install --record /workspace/build/reconfros2/install.log --single-version-externally-managed install_data
