[0.549s] Invoking command in '/workspace/src/reconfros2': PYTHONPATH=/workspace/build/reconfros2/prefix_override:/workspace/install/reconfros2/lib/python3.10/site-packages:${PYTHONPATH} /usr/bin/python3 -W ignore:setup.py install is deprecated setup.py egg_info --egg-base ../../build/reconfros2 build --build-base /workspace/build/reconfros2/build install --record /workspace/build/reconfros2/install.log --single-version-externally-managed install_data
[0.755s] running egg_info
[0.755s] writing ../../build/reconfros2/reconfros2.egg-info/PKG-INFO
[0.756s] writing dependency_links to ../../build/reconfros2/reconfros2.egg-info/dependency_links.txt
[0.756s] writing entry points to ../../build/reconfros2/reconfros2.egg-info/entry_points.txt
[0.756s] writing requirements to ../../build/reconfros2/reconfros2.egg-info/requires.txt
[0.756s] writing top-level names to ../../build/reconfros2/reconfros2.egg-info/top_level.txt
[0.758s] reading manifest file '../../build/reconfros2/reconfros2.egg-info/SOURCES.txt'
[0.760s] writing manifest file '../../build/reconfros2/reconfros2.egg-info/SOURCES.txt'
[0.760s] running build
[0.760s] running build_py
[0.761s] running install
[0.762s] running install_lib
[0.764s] running install_data
[0.764s] running install_egg_info
[0.766s] removing '/workspace/install/reconfros2/lib/python3.10/site-packages/reconfros2-0.0.0-py3.10.egg-info' (and everything under it)
[0.766s] Copying ../../build/reconfros2/reconfros2.egg-info to /workspace/install/reconfros2/lib/python3.10/site-packages/reconfros2-0.0.0-py3.10.egg-info
[0.767s] running install_scripts
[0.789s] Installing add_obstacle script to /workspace/install/reconfros2/lib/reconfros2
[0.790s] Installing initial_pose script to /workspace/install/reconfros2/lib/reconfros2
[0.790s] Installing multi_navigation_goals script to /workspace/install/reconfros2/lib/reconfros2
[0.790s] Installing nav_to_pose script to /workspace/install/reconfros2/lib/reconfros2
[0.790s] Installing nav_to_pose_action script to /workspace/install/reconfros2/lib/reconfros2
[0.790s] Installing reset_world script to /workspace/install/reconfros2/lib/reconfros2
[0.790s] Installing respawn_world script to /workspace/install/reconfros2/lib/reconfros2
[0.790s] Installing single_navigation_goal script to /workspace/install/reconfros2/lib/reconfros2
[0.790s] Installing spawn_robot script to /workspace/install/reconfros2/lib/reconfros2
[0.790s] writing list of installed files to '/workspace/build/reconfros2/install.log'
[0.821s] Invoked command in '/workspace/src/reconfros2' returned '0': PYTHONPATH=/workspace/build/reconfros2/prefix_override:/workspace/install/reconfros2/lib/python3.10/site-packages:${PYTHONPATH} /usr/bin/python3 -W ignore:setup.py install is deprecated setup.py egg_info --egg-base ../../build/reconfros2 build --build-base /workspace/build/reconfros2/build install --record /workspace/build/reconfros2/install.log --single-version-externally-managed install_data
