/workspace/install/reconfros2/lib/python3.10/site-packages/reconfros2/multi_navigation_goals.py
/workspace/install/reconfros2/lib/python3.10/site-packages/reconfros2/nav_to_pose_action.py
/workspace/install/reconfros2/lib/python3.10/site-packages/reconfros2/localization_error_lookup.py
/workspace/install/reconfros2/lib/python3.10/site-packages/reconfros2/add_obstacle.py
/workspace/install/reconfros2/lib/python3.10/site-packages/reconfros2/echo_initial_pose.py
/workspace/install/reconfros2/lib/python3.10/site-packages/reconfros2/initial_pose.py
/workspace/install/reconfros2/lib/python3.10/site-packages/reconfros2/__init__.py
/workspace/install/reconfros2/lib/python3.10/site-packages/reconfros2/single_navigation_goal.py
/workspace/install/reconfros2/lib/python3.10/site-packages/reconfros2/__pycache__/multi_navigation_goals.cpython-310.pyc
/workspace/install/reconfros2/lib/python3.10/site-packages/reconfros2/__pycache__/nav_to_pose_action.cpython-310.pyc
/workspace/install/reconfros2/lib/python3.10/site-packages/reconfros2/__pycache__/localization_error_lookup.cpython-310.pyc
/workspace/install/reconfros2/lib/python3.10/site-packages/reconfros2/__pycache__/add_obstacle.cpython-310.pyc
/workspace/install/reconfros2/lib/python3.10/site-packages/reconfros2/__pycache__/echo_initial_pose.cpython-310.pyc
/workspace/install/reconfros2/lib/python3.10/site-packages/reconfros2/__pycache__/initial_pose.cpython-310.pyc
/workspace/install/reconfros2/lib/python3.10/site-packages/reconfros2/__pycache__/__init__.cpython-310.pyc
/workspace/install/reconfros2/lib/python3.10/site-packages/reconfros2/__pycache__/single_navigation_goal.cpython-310.pyc
/workspace/install/reconfros2/share/ament_index/resource_index/packages/reconfros2
/workspace/install/reconfros2/share/reconfros2/package.xml
/workspace/install/reconfros2/share/reconfros2/worlds/rl4greenros_small_room.world
/workspace/install/reconfros2/share/reconfros2/worlds/rl4greenros_large_room.world
/workspace/install/reconfros2/share/reconfros2/rosbag/metadata.yaml
/workspace/install/reconfros2/share/reconfros2/rosbag/rosbag2_2024_05_03-20_26_41_0.db3
/workspace/install/reconfros2/share/reconfros2/launch/custom_spawn_turtlebot3.launch.py
/workspace/install/reconfros2/share/reconfros2/launch/playback_initial_pose.launch.py
/workspace/install/reconfros2/share/reconfros2/launch/nav2_bringup_launch.py
/workspace/install/reconfros2/share/reconfros2/launch/turtlebot3_rl4greenros_room.launch.py
/workspace/install/reconfros2/lib/python3.10/site-packages/reconfros2-0.0.0-py3.10.egg-info/SOURCES.txt
/workspace/install/reconfros2/lib/python3.10/site-packages/reconfros2-0.0.0-py3.10.egg-info/PKG-INFO
/workspace/install/reconfros2/lib/python3.10/site-packages/reconfros2-0.0.0-py3.10.egg-info/dependency_links.txt
/workspace/install/reconfros2/lib/python3.10/site-packages/reconfros2-0.0.0-py3.10.egg-info/requires.txt
/workspace/install/reconfros2/lib/python3.10/site-packages/reconfros2-0.0.0-py3.10.egg-info/entry_points.txt
/workspace/install/reconfros2/lib/python3.10/site-packages/reconfros2-0.0.0-py3.10.egg-info/top_level.txt
/workspace/install/reconfros2/lib/python3.10/site-packages/reconfros2-0.0.0-py3.10.egg-info/zip-safe
/workspace/install/reconfros2/lib/reconfros2/add_obstacle
/workspace/install/reconfros2/lib/reconfros2/initial_pose
/workspace/install/reconfros2/lib/reconfros2/multi_navigation_goals
/workspace/install/reconfros2/lib/reconfros2/nav_to_pose
/workspace/install/reconfros2/lib/reconfros2/nav_to_pose_action
/workspace/install/reconfros2/lib/reconfros2/reset_world
/workspace/install/reconfros2/lib/reconfros2/respawn_world
/workspace/install/reconfros2/lib/reconfros2/single_navigation_goal
/workspace/install/reconfros2/lib/reconfros2/spawn_robot
