[0.876s] Invoking command in '/workspace/src/reconfros2': PYTHONPATH=/workspace/build/reconfros2/prefix_override:/workspace/install/reconfros2/lib/python3.10/site-packages:${PYTHONPATH} /usr/bin/python3 setup.py egg_info --egg-base ../../build/reconfros2 build --build-base /workspace/build/reconfros2/build install --record /workspace/build/reconfros2/install.log --single-version-externally-managed
[1.100s] running egg_info
[1.100s] creating ../../build/reconfros2/reconfros2.egg-info
[1.100s] writing ../../build/reconfros2/reconfros2.egg-info/PKG-INFO
[1.101s] writing dependency_links to ../../build/reconfros2/reconfros2.egg-info/dependency_links.txt
[1.101s] writing entry points to ../../build/reconfros2/reconfros2.egg-info/entry_points.txt
[1.101s] writing requirements to ../../build/reconfros2/reconfros2.egg-info/requires.txt
[1.101s] writing top-level names to ../../build/reconfros2/reconfros2.egg-info/top_level.txt
[1.101s] writing manifest file '../../build/reconfros2/reconfros2.egg-info/SOURCES.txt'
[1.103s] reading manifest file '../../build/reconfros2/reconfros2.egg-info/SOURCES.txt'
[1.103s] writing manifest file '../../build/reconfros2/reconfros2.egg-info/SOURCES.txt'
[1.103s] running build
[1.104s] running build_py
[1.104s] creating /workspace/build/reconfros2/build
[1.104s] creating /workspace/build/reconfros2/build/lib
[1.104s] creating /workspace/build/reconfros2/build/lib/reconfros2
[1.104s] copying reconfros2/nav_to_pose-bkp.py -> /workspace/build/reconfros2/build/lib/reconfros2
[1.104s] copying reconfros2/multi_navigation_goals.py -> /workspace/build/reconfros2/build/lib/reconfros2
[1.104s] copying reconfros2/nav_to_pose_action.py -> /workspace/build/reconfros2/build/lib/reconfros2
[1.104s] copying reconfros2/add_obstacle.py -> /workspace/build/reconfros2/build/lib/reconfros2
[1.104s] copying reconfros2/nav_to_pose.py -> /workspace/build/reconfros2/build/lib/reconfros2
[1.104s] copying reconfros2/echo_initial_pose.py -> /workspace/build/reconfros2/build/lib/reconfros2
[1.105s] copying reconfros2/initial_pose.py -> /workspace/build/reconfros2/build/lib/reconfros2
[1.105s] copying reconfros2/__init__.py -> /workspace/build/reconfros2/build/lib/reconfros2
[1.105s] copying reconfros2/single_navigation_goal.py -> /workspace/build/reconfros2/build/lib/reconfros2
[1.105s] running install
[1.106s] /usr/lib/python3/dist-packages/setuptools/command/install.py:34: SetuptoolsDeprecationWarning: setup.py install is deprecated. Use build and pip and other standards-based tools.
[1.107s]   warnings.warn(
[1.107s] running install_lib
[1.112s] running install_data
[1.116s] copying launch/nav2_bringup_launch.py -> /workspace/install/reconfros2/share/reconfros2/launch
[1.117s] running install_egg_info
[1.119s] removing '/workspace/install/reconfros2/lib/python3.10/site-packages/reconfros2-0.0.0-py3.10.egg-info' (and everything under it)
[1.120s] Copying ../../build/reconfros2/reconfros2.egg-info to /workspace/install/reconfros2/lib/python3.10/site-packages/reconfros2-0.0.0-py3.10.egg-info
[1.121s] running install_scripts
[1.147s] Installing add_obstacle script to /workspace/install/reconfros2/lib/reconfros2
[1.147s] Installing initial_pose script to /workspace/install/reconfros2/lib/reconfros2
[1.148s] Installing multi_navigation_goals script to /workspace/install/reconfros2/lib/reconfros2
[1.148s] Installing nav_to_pose script to /workspace/install/reconfros2/lib/reconfros2
[1.148s] Installing nav_to_pose_action script to /workspace/install/reconfros2/lib/reconfros2
[1.148s] Installing reset_world script to /workspace/install/reconfros2/lib/reconfros2
[1.148s] Installing respawn_world script to /workspace/install/reconfros2/lib/reconfros2
[1.148s] Installing single_navigation_goal script to /workspace/install/reconfros2/lib/reconfros2
[1.149s] Installing spawn_robot script to /workspace/install/reconfros2/lib/reconfros2
[1.149s] writing list of installed files to '/workspace/build/reconfros2/install.log'
[1.173s] Invoked command in '/workspace/src/reconfros2' returned '0': PYTHONPATH=/workspace/build/reconfros2/prefix_override:/workspace/install/reconfros2/lib/python3.10/site-packages:${PYTHONPATH} /usr/bin/python3 setup.py egg_info --egg-base ../../build/reconfros2 build --build-base /workspace/build/reconfros2/build install --record /workspace/build/reconfros2/install.log --single-version-externally-managed
